SF:lib/generated/l10n.dart
DA:16,2
DA:20,2
DA:21,2
DA:28,2
DA:29,2
DA:30,0
DA:31,2
DA:32,2
DA:33,6
DA:34,2
DA:35,2
DA:42,0
DA:43,0
DA:44,0
DA:49,0
DA:50,0
DA:54,0
DA:55,0
DA:59,0
DA:64,2
DA:65,2
DA:69,2
DA:74,2
DA:75,2
DA:79,2
DA:84,1
DA:85,1
DA:86,1
DA:89,1
DA:94,2
DA:95,2
DA:99,2
DA:104,2
DA:105,2
DA:109,2
DA:114,2
DA:115,2
DA:119,2
DA:124,2
DA:125,2
DA:129,2
DA:134,2
DA:135,2
DA:139,2
DA:144,0
DA:145,0
DA:149,0
DA:154,0
DA:155,0
DA:159,0
DA:164,0
DA:165,0
DA:169,0
DA:174,0
DA:175,0
DA:179,0
DA:184,0
DA:185,0
DA:186,0
DA:189,0
DA:194,0
DA:195,0
DA:196,0
DA:199,0
DA:204,0
DA:205,0
DA:206,0
DA:209,0
DA:214,0
DA:215,0
DA:219,0
DA:224,0
DA:225,0
DA:229,0
DA:234,0
DA:235,0
DA:239,0
DA:244,0
DA:245,0
DA:249,0
DA:254,0
DA:255,0
DA:256,0
DA:259,0
DA:264,0
DA:265,0
DA:269,0
DA:272,0
DA:277,0
DA:278,0
DA:285,0
DA:291,2
DA:293,2
DA:300,2
DA:301,2
DA:302,2
DA:303,2
DA:304,0
DA:307,2
DA:308,4
DA:309,6
LF:101
LH:44
end_of_record
SF:lib/postSignUp/todo_screen.dart
DA:7,0
DA:8,0
DA:17,0
DA:19,0
DA:20,0
DA:23,0
DA:24,0
DA:25,0
DA:26,0
DA:28,0
DA:30,0
DA:34,0
DA:35,0
DA:36,0
DA:40,0
DA:41,0
DA:44,0
DA:46,0
DA:47,0
DA:48,0
DA:50,0
DA:51,0
DA:52,0
DA:54,0
DA:55,0
DA:56,0
DA:57,0
DA:58,0
DA:59,0
DA:62,0
DA:63,0
DA:64,0
DA:69,0
DA:70,0
DA:71,0
DA:72,0
DA:73,0
DA:74,0
DA:75,0
DA:76,0
DA:77,0
DA:79,0
DA:80,0
DA:81,0
DA:83,0
DA:84,0
DA:85,0
DA:86,0
DA:87,0
DA:89,0
DA:90,0
DA:91,0
DA:92,0
DA:94,0
DA:95,0
DA:96,0
DA:97,0
DA:98,0
DA:101,0
DA:102,0
DA:103,0
DA:104,0
DA:110,0
DA:111,0
DA:112,0
DA:113,0
DA:115,0
DA:116,0
DA:117,0
DA:118,0
DA:120,0
DA:121,0
DA:122,0
DA:123,0
DA:124,0
DA:127,0
DA:128,0
DA:129,0
DA:130,0
DA:136,0
LF:80
LH:0
end_of_record
SF:lib/main.dart
DA:8,0
DA:9,0
DA:10,0
DA:11,0
DA:15,2
DA:17,0
DA:19,0
DA:27,0
DA:28,0
DA:29,0
DA:35,0
DA:36,0
DA:42,0
DA:43,0
DA:44,0
DA:45,0
DA:57,0
DA:59,0
DA:62,0
DA:65,0
DA:66,0
DA:69,0
DA:75,4
DA:77,0
DA:79,0
DA:80,0
DA:81,0
DA:83,0
DA:84,0
DA:90,4
DA:92,0
DA:94,0
DA:95,0
DA:96,0
DA:98,0
DA:99,0
LF:36
LH:3
end_of_record
SF:lib/signup/sign_up_screen.dart
DA:9,5
DA:11,2
DA:12,2
DA:13,4
DA:14,2
DA:15,4
DA:16,2
DA:22,2
DA:24,2
DA:26,2
DA:27,2
DA:28,2
DA:30,2
DA:31,4
DA:32,2
DA:33,2
DA:34,2
DA:36,2
DA:37,4
DA:38,2
DA:45,2
DA:47,2
DA:49,2
DA:50,4
DA:51,2
DA:53,2
DA:55,2
DA:56,2
DA:57,1
DA:58,3
DA:59,6
DA:61,3
DA:62,6
DA:64,1
DA:65,0
DA:66,0
DA:67,0
DA:71,2
DA:72,2
DA:73,1
DA:74,2
DA:77,2
DA:78,2
DA:79,1
DA:80,2
DA:82,2
DA:83,2
DA:84,1
DA:85,2
DA:89,2
DA:90,4
DA:91,2
DA:93,2
DA:94,2
DA:95,4
DA:96,2
DA:97,1
DA:99,1
DA:100,1
DA:103,2
DA:104,4
DA:105,2
DA:106,1
DA:108,1
DA:109,1
DA:112,2
DA:113,4
DA:114,2
DA:115,2
DA:116,1
DA:118,1
DA:119,1
DA:122,2
DA:123,2
DA:124,2
DA:125,2
DA:126,0
DA:128,2
DA:129,0
DA:130,0
DA:131,0
DA:135,2
DA:138,2
DA:139,2
DA:142,2
DA:144,2
DA:146,2
DA:147,2
DA:148,4
DA:149,2
DA:155,0
DA:156,0
DA:168,2
DA:171,2
DA:172,2
DA:173,2
DA:174,2
DA:175,2
DA:176,2
DA:179,2
DA:180,2
DA:183,2
DA:184,2
DA:186,2
DA:192,2
DA:203,2
DA:204,2
DA:209,2
DA:211,4
DA:212,2
DA:215,2
DA:217,5
DA:218,5
DA:220,2
DA:223,2
DA:224,2
DA:226,2
DA:227,2
DA:228,6
DA:229,2
DA:230,2
DA:231,2
DA:233,2
DA:234,2
DA:235,2
DA:236,2
DA:237,2
DA:241,2
DA:243,2
DA:244,2
DA:245,2
DA:247,2
DA:248,4
DA:249,4
DA:250,2
DA:251,2
DA:254,6
LF:137
LH:128
end_of_record
SF:lib/firebase_options.dart
DA:18,0
DA:22,0
DA:23,0
DA:25,0
DA:26,0
DA:30,0
DA:31,0
DA:35,0
DA:36,0
DA:40,0
DA:41,0
DA:46,0
LF:12
LH:0
end_of_record
SF:lib/generated/intl/messages_all.dart
DA:23,6
DA:24,4
DA:25,0
DA:28,2
DA:30,2
DA:31,2
DA:32,0
DA:33,0
DA:40,2
DA:41,2
DA:42,6
DA:43,0
DA:45,0
DA:47,4
DA:48,2
DA:49,6
DA:50,4
DA:51,2
DA:54,2
DA:56,2
DA:62,2
DA:64,2
DA:66,2
LF:23
LH:18
end_of_record
SF:lib/generated/intl/messages_en.dart
DA:16,6
DA:21,0
DA:23,0
DA:25,0
DA:27,2
DA:29,0
DA:30,0
DA:32,0
DA:33,0
DA:35,0
DA:37,0
DA:40,4
DA:41,2
DA:43,2
DA:44,2
DA:45,2
DA:46,2
DA:47,2
DA:49,2
DA:50,2
DA:53,2
DA:55,2
DA:56,2
DA:58,2
DA:59,2
DA:61,2
DA:63,2
DA:66,2
LF:28
LH:19
end_of_record
SF:lib/generated/intl/messages_vi.dart
DA:16,0
DA:21,0
DA:23,0
DA:25,0
DA:27,0
DA:29,0
DA:30,0
DA:32,0
DA:33,0
DA:35,0
DA:37,0
DA:40,0
DA:42,0
DA:44,0
DA:45,0
DA:46,0
DA:47,0
DA:48,0
DA:50,0
DA:51,0
DA:54,0
DA:56,0
DA:57,0
DA:60,0
DA:61,0
DA:63,0
DA:65,0
DA:67,0
LF:28
LH:0
end_of_record
SF:lib/signup/bloc/sign_up_state.dart
DA:10,1
DA:16,0
DA:24,0
LF:3
LH:1
end_of_record
SF:lib/signup/bloc/sign_up_cubit.dart
DA:13,6
DA:18,1
DA:19,1
DA:22,1
DA:23,1
DA:26,1
DA:27,1
DA:30,1
DA:32,2
DA:35,1
DA:36,2
DA:40,1
DA:41,0
DA:42,0
DA:43,0
DA:46,0
DA:47,0
DA:52,0
DA:56,0
DA:57,0
DA:58,0
DA:59,0
DA:62,0
DA:65,0
DA:66,0
DA:69,0
DA:72,0
DA:74,0
DA:75,0
DA:76,0
DA:77,0
DA:78,0
DA:79,0
DA:81,0
DA:82,0
DA:87,1
DA:88,2
DA:90,0
DA:91,0
DA:92,0
DA:93,0
DA:94,0
DA:95,0
DA:96,0
DA:97,0
DA:98,0
DA:100,0
DA:101,0
DA:102,0
DA:103,0
DA:104,0
DA:105,0
DA:106,0
DA:108,0
DA:109,0
DA:110,0
DA:111,0
DA:112,0
DA:113,0
DA:117,0
DA:118,0
DA:119,0
DA:122,0
DA:123,0
DA:124,0
LF:65
LH:14
end_of_record
